<?xml version="1.0" encoding="UTF-8"?>
<!-- Generated by org.testng.reporters.JUnitReportReporter -->
<testsuite skipped="0" hostname="C40BF52AGJUNC" name="com.qa.tester.radio" tests="1" failures="0" timestamp="14 Mar 2019 05:07:24 GMT" time="0.124" errors="0">
  <testcase name="f" time="0.124" classname="com.qa.tester.radio"/>
</testsuite> <!-- com.qa.tester.radio -->
