<?xml version="1.0" encoding="UTF-8"?>
<!-- Generated by org.testng.reporters.JUnitReportReporter -->
<testsuite skipped="0" hostname="C40BF52AGJUNC" name="com.qa.tester.UserService_getUserByID" tests="1" failures="0" timestamp="13 Mar 2019 13:27:53 GMT" time="6.857" errors="0">
  <testcase name="f" time="6.857" classname="com.qa.tester.UserService_getUserByID"/>
</testsuite> <!-- com.qa.tester.UserService_getUserByID -->
