<?xml version="1.0" encoding="UTF-8"?>
<!-- Generated by org.testng.reporters.JUnitReportReporter -->
<testsuite skipped="0" hostname="C40BF52AGJUNC" name="com.qa.tester.AuthService_Login_PostAPITest" tests="7" failures="0" timestamp="15 Mar 2019 13:37:48 GMT" time="12.795" errors="0">
  <testcase name="AgJunction_login_test" time="0.870" classname="com.qa.tester.AuthService_Login_PostAPITest"/>
  <testcase name="AgJunction_login_test" time="2.482" classname="com.qa.tester.AuthService_Login_PostAPITest"/>
  <testcase name="AgJunction_login_test" time="0.926" classname="com.qa.tester.AuthService_Login_PostAPITest"/>
  <testcase name="AgJunction_login_test" time="3.411" classname="com.qa.tester.AuthService_Login_PostAPITest"/>
  <testcase name="AgJunction_login_test" time="3.865" classname="com.qa.tester.AuthService_Login_PostAPITest"/>
  <testcase name="AgJunction_login_test" time="0.902" classname="com.qa.tester.AuthService_Login_PostAPITest"/>
  <testcase name="AgJunction_login_test" time="0.339" classname="com.qa.tester.AuthService_Login_PostAPITest"/>
</testsuite> <!-- com.qa.tester.AuthService_Login_PostAPITest -->
