<?xml version="1.0" encoding="UTF-8"?>
<!-- Generated by org.testng.reporters.JUnitReportReporter -->
<testsuite skipped="0" hostname="C40BF52AGJUNC" name="com.qa.tester.AuthService_Login_PostAPITest" tests="3" failures="0" timestamp="14 Mar 2019 12:51:08 GMT" time="0.007" errors="0">
  <testcase name="AgJunction_login_timeTaken" time="0.001" classname="com.qa.tester.AuthService_Login_PostAPITest"/>
  <testcase name="AgJunction_login_Status" time="0.005" classname="com.qa.tester.AuthService_Login_PostAPITest"/>
  <testcase name="AgJunction_loginvalidateResponse" time="0.001" classname="com.qa.tester.AuthService_Login_PostAPITest"/>
</testsuite> <!-- com.qa.tester.AuthService_Login_PostAPITest -->
