<?xml version="1.0" encoding="UTF-8"?>
<!-- Generated by org.testng.reporters.JUnitReportReporter -->
<testsuite skipped="0" hostname="C40BF52AGJUNC" name="com.qa.tester.AuthService_Logout_GETAPITest" tests="6" failures="0" timestamp="14 Mar 2019 13:34:26 GMT" time="0.009" errors="0">
  <testcase name="AgJunction_login_validateResponse" time="0.000" classname="com.qa.tester.AuthService_Logout_GETAPITest"/>
  <testcase name="AuthService_logout_timeTaken" time="0.001" classname="com.qa.tester.AuthService_Logout_GETAPITest"/>
  <testcase name="AgJunction_login_Status" time="0.005" classname="com.qa.tester.AuthService_Logout_GETAPITest"/>
  <testcase name="AgJunction_login_timeTaken" time="0.001" classname="com.qa.tester.AuthService_Logout_GETAPITest"/>
  <testcase name="AuthService_logout_Status" time="0.001" classname="com.qa.tester.AuthService_Logout_GETAPITest"/>
  <testcase name="AuthService_logout_headers" time="0.001" classname="com.qa.tester.AuthService_Logout_GETAPITest"/>
</testsuite> <!-- com.qa.tester.AuthService_Logout_GETAPITest -->
