<?xml version="1.0" encoding="UTF-8"?>
<!-- Generated by org.testng.reporters.JUnitReportReporter -->
<testsuite skipped="0" hostname="C40BF52AGJUNC" name="com.qa.tester.AuthService_Logout_GETAPITest" tests="5" failures="0" timestamp="14 Mar 2019 12:55:11 GMT" time="0.012" errors="0">
  <testcase name="AgJunction_login_timeTaken" time="0.001" classname="com.qa.tester.AuthService_Logout_GETAPITest"/>
  <testcase name="AuthService_logout_Status" time="0.001" classname="com.qa.tester.AuthService_Logout_GETAPITest"/>
  <testcase name="AuthService_logout_timeTaken" time="0.001" classname="com.qa.tester.AuthService_Logout_GETAPITest"/>
  <testcase name="AgJunction_login_Status" time="0.008" classname="com.qa.tester.AuthService_Logout_GETAPITest"/>
  <testcase name="AgJunction_loginvalidateResponse" time="0.001" classname="com.qa.tester.AuthService_Logout_GETAPITest"/>
</testsuite> <!-- com.qa.tester.AuthService_Logout_GETAPITest -->
