<?xml version="1.0" encoding="UTF-8"?>
<!-- Generated by org.testng.reporters.JUnitReportReporter -->
<testsuite skipped="1" hostname="C40BF52AGJUNC" name="com.qa.tester.putAPITest" tests="3" failures="0" timestamp="25 Feb 2019 05:15:30 GMT" time="23.389" errors="0">
  <testcase name="validatePut" time="23.388" classname="com.qa.tester.putAPITest"/>
  <testcase name="validateResponseTime" time="0.001" classname="com.qa.tester.putAPITest"/>
  <testcase name="validateRandom" classname="com.qa.tester.putAPITest">
    <skipped/>
  </testcase> <!-- validateRandom -->
</testsuite> <!-- com.qa.tester.putAPITest -->
